<?xml version="1.0" encoding="UTF-8"?>
<!-- Generated by org.testng.reporters.JUnitReportReporter -->
<testsuite hostname="DESKTOP-FOESE3F" failures="0" tests="3" name="test.LoginTest" time="5.161" errors="0" timestamp="2022-10-14T14:36:46 IST" skipped="0">
  <testcase classname="test.LoginTest" name="verifyurl" time="0.026"/>
  <system-out/>
  <testcase classname="test.LoginTest" name="verifyLoginPageIsDisplayed" time="1.200"/>
  <system-out/>
  <testcase classname="test.LoginTest" name="verifyLogin" time="3.935"/>
  <system-out/>
</testsuite> <!-- test.LoginTest -->
