<?xml version="1.0" encoding="UTF-8"?>
<!-- Generated by org.testng.reporters.JUnitReportReporter -->
<testsuite hostname="DESKTOP-FOESE3F" failures="0" tests="2" name="test.PimTest" time="5.443" errors="0" timestamp="2022-10-14T14:36:46 IST" skipped="0">
  <testcase classname="test.PimTest" name="verifyPimPage" time="5.240"/>
  <system-out/>
  <testcase classname="test.PimTest" name="verifycheckboxisSelected" time="0.203"/>
  <system-out/>
</testsuite> <!-- test.PimTest -->
